<?xml version="1.0" encoding="UTF-8"?>
<!-- Generated by org.testng.reporters.JUnitReportReporter -->
<testsuite skipped="0" hostname="LAPTOP-KM75GR82" name="module4.Assignment1" tests="1" failures="0" timestamp="13 Dec 2022 11:05:58 GMT" time="13.256" errors="0">
  <testcase name="login" time="13.256" classname="module4.Assignment1"/>
</testsuite> <!-- module4.Assignment1 -->
