<?xml version="1.0" encoding="UTF-8"?>
<!-- Generated by org.testng.reporters.JUnitReportReporter -->
<testsuite skipped="0" hostname="LAPTOP-KM75GR82" name="module3.Assignment2" tests="1" failures="0" timestamp="13 Dec 2022 10:26:12 GMT" time="3.793" errors="0">
  <testcase name="login" time="3.793" classname="module3.Assignment2"/>
</testsuite> <!-- module3.Assignment2 -->
